# JRE version: OpenJDK Runtime Environment (11.0.10) (build 11.0.10+0-b96-7249189)
# Java VM: OpenJDK 64-Bit Server VM (11.0.10+0-b96-7249189, mixed mode, tiered, compressed oops, g1 gc, windows-amd64)
Heap:
 garbage-first heap   total 131072K, used 106156K [0x00000000a0000000, 0x0000000100000000)
  region size 1024K, 3 young (3072K), 1 survivors (1024K)
 Metaspace       used 80981K, capacity 82699K, committed 82944K, reserved 1122304K
  class space    used 10322K, capacity 10898K, committed 11008K, reserved 1048576K
GC Heap History (20 events):
Event: 98.631 GC heap before
{Heap before GC invocations=22 (full 0):
 garbage-first heap   total 131072K, used 106438K [0x00000000a0000000, 0x0000000100000000)
  region size 1024K, 37 young (37888K), 5 survivors (5120K)
 Metaspace       used 73587K, capacity 75131K, committed 75264K, reserved 1114112K
  class space    used 9434K, capacity 9951K, committed 9984K, reserved 1048576K
}
Event: 98.652 GC heap after
{Heap after GC invocations=23 (full 0):
 garbage-first heap   total 131072K, used 77596K [0x00000000a0000000, 0x0000000100000000)
  region size 1024K, 3 young (3072K), 3 survivors (3072K)
 Metaspace       used 73587K, capacity 75131K, committed 75264K, reserved 1114112K
  class space    used 9434K, capacity 9951K, committed 9984K, reserved 1048576K
}
Event: 117.983 GC heap before
{Heap before GC invocations=24 (full 0):
 garbage-first heap   total 131072K, used 108316K [0x00000000a0000000, 0x0000000100000000)
  region size 1024K, 34 young (34816K), 3 survivors (3072K)
 Metaspace       used 75461K, capacity 77100K, committed 77312K, reserved 1116160K
  class space    used 9674K, capacity 10222K, committed 10240K, reserved 1048576K
}
Event: 117.991 GC heap after
{Heap after GC invocations=25 (full 0):
 garbage-first heap   total 131072K, used 82780K [0x00000000a0000000, 0x0000000100000000)
  region size 1024K, 5 young (5120K), 5 survivors (5120K)
 Metaspace       used 75461K, capacity 77100K, committed 77312K, reserved 1116160K
  class space    used 9674K, capacity 10222K, committed 10240K, reserved 1048576K
}
Event: 126.365 GC heap before
{Heap before GC invocations=25 (full 0):
 garbage-first heap   total 131072K, used 107356K [0x00000000a0000000, 0x0000000100000000)
  region size 1024K, 30 young (30720K), 5 survivors (5120K)
 Metaspace       used 80521K, capacity 82200K, committed 82304K, reserved 1120256K
  class space    used 10290K, capacity 10860K, committed 10880K, reserved 1048576K
}
Event: 126.407 GC heap after
{Heap after GC invocations=26 (full 0):
 garbage-first heap   total 131072K, used 85799K [0x00000000a0000000, 0x0000000100000000)
  region size 1024K, 3 young (3072K), 3 survivors (3072K)
 Metaspace       used 80521K, capacity 82200K, committed 82304K, reserved 1120256K
  class space    used 10290K, capacity 10860K, committed 10880K, reserved 1048576K
}
Event: 132.621 GC heap before
{Heap before GC invocations=27 (full 0):
 garbage-first heap   total 131072K, used 101159K [0x00000000a0000000, 0x0000000100000000)
  region size 1024K, 20 young (20480K), 3 survivors (3072K)
 Metaspace       used 80596K, capacity 82265K, committed 82304K, reserved 1120256K
  class space    used 10290K, capacity 10860K, committed 10880K, reserved 1048576K
}
Event: 132.639 GC heap after
{Heap after GC invocations=28 (full 0):
 garbage-first heap   total 131072K, used 90473K [0x00000000a0000000, 0x0000000100000000)
  region size 1024K, 4 young (4096K), 4 survivors (4096K)
 Metaspace       used 80596K, capacity 82265K, committed 82304K, reserved 1120256K
  class space    used 10290K, capacity 10860K, committed 10880K, reserved 1048576K
}
Event: 132.926 GC heap before
{Heap before GC invocations=29 (full 0):
 garbage-first heap   total 131072K, used 92521K [0x00000000a0000000, 0x0000000100000000)
  region size 1024K, 5 young (5120K), 4 survivors (4096K)
 Metaspace       used 80596K, capacity 82265K, committed 82304K, reserved 1120256K
  class space    used 10290K, capacity 10860K, committed 10880K, reserved 1048576K
}
Event: 132.938 GC heap after
{Heap after GC invocations=30 (full 0):
 garbage-first heap   total 131072K, used 93171K [0x00000000a0000000, 0x0000000100000000)
  region size 1024K, 1 young (1024K), 1 survivors (1024K)
 Metaspace       used 80596K, capacity 82265K, committed 82304K, reserved 1120256K
  class space    used 10290K, capacity 10860K, committed 10880K, reserved 1048576K
}
Event: 133.168 GC heap before
{Heap before GC invocations=30 (full 0):
 garbage-first heap   total 131072K, used 105459K [0x00000000a0000000, 0x0000000100000000)
  region size 1024K, 11 young (11264K), 1 survivors (1024K)
 Metaspace       used 80610K, capacity 82329K, committed 82560K, reserved 1120256K
  class space    used 10290K, capacity 10860K, committed 10880K, reserved 1048576K
}
Event: 133.171 GC heap after
{Heap after GC invocations=31 (full 0):
 garbage-first heap   total 131072K, used 97669K [0x00000000a0000000, 0x0000000100000000)
  region size 1024K, 2 young (2048K), 2 survivors (2048K)
 Metaspace       used 80610K, capacity 82329K, committed 82560K, reserved 1120256K
  class space    used 10290K, capacity 10860K, committed 10880K, reserved 1048576K
}
Event: 133.555 GC heap before
{Heap before GC invocations=32 (full 0):
 garbage-first heap   total 131072K, used 114053K [0x00000000a0000000, 0x0000000100000000)
  region size 1024K, 11 young (11264K), 2 survivors (2048K)
 Metaspace       used 80611K, capacity 82329K, committed 82560K, reserved 1120256K
  class space    used 10290K, capacity 10860K, committed 10880K, reserved 1048576K
}
Event: 133.558 GC heap after
{Heap after GC invocations=33 (full 0):
 garbage-first heap   total 131072K, used 99953K [0x00000000a0000000, 0x0000000100000000)
  region size 1024K, 2 young (2048K), 2 survivors (2048K)
 Metaspace       used 80611K, capacity 82329K, committed 82560K, reserved 1120256K
  class space    used 10290K, capacity 10860K, committed 10880K, reserved 1048576K
}
Event: 133.559 GC heap before
{Heap before GC invocations=33 (full 0):
 garbage-first heap   total 131072K, used 99953K [0x00000000a0000000, 0x0000000100000000)
  region size 1024K, 3 young (3072K), 2 survivors (2048K)
 Metaspace       used 80611K, capacity 82329K, committed 82560K, reserved 1120256K
  class space    used 10290K, capacity 10860K, committed 10880K, reserved 1048576K
}
Event: 133.562 GC heap after
{Heap after GC invocations=34 (full 0):
 garbage-first heap   total 131072K, used 100791K [0x00000000a0000000, 0x0000000100000000)
  region size 1024K, 1 young (1024K), 1 survivors (1024K)
 Metaspace       used 80611K, capacity 82329K, committed 82560K, reserved 1120256K
  class space    used 10290K, capacity 10860K, committed 10880K, reserved 1048576K
}
Event: 133.923 GC heap before
{Heap before GC invocations=35 (full 0):
 garbage-first heap   total 131072K, used 102839K [0x00000000a0000000, 0x0000000100000000)
  region size 1024K, 4 young (4096K), 1 survivors (1024K)
 Metaspace       used 80812K, capacity 82533K, committed 82560K, reserved 1120256K
  class space    used 10313K, capacity 10864K, committed 10880K, reserved 1048576K
}
Event: 133.926 GC heap after
{Heap after GC invocations=36 (full 0):
 garbage-first heap   total 131072K, used 101007K [0x00000000a0000000, 0x0000000100000000)
  region size 1024K, 1 young (1024K), 1 survivors (1024K)
 Metaspace       used 80812K, capacity 82533K, committed 82560K, reserved 1120256K
  class space    used 10313K, capacity 10864K, committed 10880K, reserved 1048576K
}
Event: 134.365 GC heap before
{Heap before GC invocations=37 (full 0):
 garbage-first heap   total 131072K, used 109199K [0x00000000a0000000, 0x0000000100000000)
  region size 1024K, 8 young (8192K), 1 survivors (1024K)
 Metaspace       used 80968K, capacity 82699K, committed 82944K, reserved 1122304K
  class space    used 10322K, capacity 10898K, committed 11008K, reserved 1048576K
}
Event: 134.367 GC heap after
{Heap after GC invocations=38 (full 0):
 garbage-first heap   total 131072K, used 105132K [0x00000000a0000000, 0x0000000100000000)
  region size 1024K, 1 young (1024K), 1 survivors (1024K)
 Metaspace       used 80968K, capacity 82699K, committed 82944K, reserved 1122304K
  class space    used 10322K, capacity 10898K, committed 11008K, reserved 1048576K
}

