# JRE version: OpenJDK Runtime Environment (11.0.10) (build 11.0.10+0-b96-7249189)
# Java VM: OpenJDK 64-Bit Server VM (11.0.10+0-b96-7249189, mixed mode, tiered, compressed oops, g1 gc, windows-amd64)
Heap:
 garbage-first heap   total 157696K, used 94177K [0x00000000a0000000, 0x0000000100000000)
  region size 1024K, 59 young (60416K), 4 survivors (4096K)
 Metaspace       used 44860K, capacity 45822K, committed 46080K, reserved 1089536K
  class space    used 5742K, capacity 6064K, committed 6144K, reserved 1048576K
GC Heap History (14 events):
Event: 0.520 GC heap before
{Heap before GC invocations=0 (full 0):
 garbage-first heap   total 131072K, used 19456K [0x00000000a0000000, 0x0000000100000000)
  region size 1024K, 14 young (14336K), 0 survivors (0K)
 Metaspace       used 9607K, capacity 9781K, committed 10112K, reserved 1058816K
  class space    used 978K, capacity 1027K, committed 1152K, reserved 1048576K
}
Event: 0.524 GC heap after
{Heap after GC invocations=1 (full 0):
 garbage-first heap   total 131072K, used 7101K [0x00000000a0000000, 0x0000000100000000)
  region size 1024K, 2 young (2048K), 2 survivors (2048K)
 Metaspace       used 9607K, capacity 9781K, committed 10112K, reserved 1058816K
  class space    used 978K, capacity 1027K, committed 1152K, reserved 1048576K
}
Event: 0.714 GC heap before
{Heap before GC invocations=1 (full 0):
 garbage-first heap   total 131072K, used 17341K [0x00000000a0000000, 0x0000000100000000)
  region size 1024K, 12 young (12288K), 2 survivors (2048K)
 Metaspace       used 10715K, capacity 10923K, committed 11264K, reserved 1058816K
  class space    used 1131K, capacity 1194K, committed 1280K, reserved 1048576K
}
Event: 0.717 GC heap after
{Heap after GC invocations=2 (full 0):
 garbage-first heap   total 131072K, used 7721K [0x00000000a0000000, 0x0000000100000000)
  region size 1024K, 1 young (1024K), 1 survivors (1024K)
 Metaspace       used 10715K, capacity 10923K, committed 11264K, reserved 1058816K
  class space    used 1131K, capacity 1194K, committed 1280K, reserved 1048576K
}
Event: 1.180 GC heap before
{Heap before GC invocations=2 (full 0):
 garbage-first heap   total 131072K, used 34345K [0x00000000a0000000, 0x0000000100000000)
  region size 1024K, 28 young (28672K), 1 survivors (1024K)
 Metaspace       used 12283K, capacity 12530K, committed 12800K, reserved 1060864K
  class space    used 1333K, capacity 1431K, committed 1536K, reserved 1048576K
}
Event: 1.184 GC heap after
{Heap after GC invocations=3 (full 0):
 garbage-first heap   total 131072K, used 12681K [0x00000000a0000000, 0x0000000100000000)
  region size 1024K, 4 young (4096K), 4 survivors (4096K)
 Metaspace       used 12283K, capacity 12530K, committed 12800K, reserved 1060864K
  class space    used 1333K, capacity 1431K, committed 1536K, reserved 1048576K
}
Event: 2.585 GC heap before
{Heap before GC invocations=3 (full 0):
 garbage-first heap   total 131072K, used 55689K [0x00000000a0000000, 0x0000000100000000)
  region size 1024K, 47 young (48128K), 4 survivors (4096K)
 Metaspace       used 20675K, capacity 21137K, committed 21248K, reserved 1067008K
  class space    used 2595K, capacity 2754K, committed 2816K, reserved 1048576K
}
Event: 2.596 GC heap after
{Heap after GC invocations=4 (full 0):
 garbage-first heap   total 131072K, used 15297K [0x00000000a0000000, 0x0000000100000000)
  region size 1024K, 3 young (3072K), 3 survivors (3072K)
 Metaspace       used 20675K, capacity 21137K, committed 21248K, reserved 1067008K
  class space    used 2595K, capacity 2754K, committed 2816K, reserved 1048576K
}
Event: 3.625 GC heap before
{Heap before GC invocations=5 (full 0):
 garbage-first heap   total 131072K, used 79809K [0x00000000a0000000, 0x0000000100000000)
  region size 1024K, 57 young (58368K), 3 survivors (3072K)
 Metaspace       used 30792K, capacity 31355K, committed 31616K, reserved 1077248K
  class space    used 3933K, capacity 4145K, committed 4224K, reserved 1048576K
}
Event: 3.632 GC heap after
{Heap after GC invocations=6 (full 0):
 garbage-first heap   total 131072K, used 31324K [0x00000000a0000000, 0x0000000100000000)
  region size 1024K, 8 young (8192K), 8 survivors (8192K)
 Metaspace       used 30792K, capacity 31355K, committed 31616K, reserved 1077248K
  class space    used 3933K, capacity 4145K, committed 4224K, reserved 1048576K
}
Event: 3.983 GC heap before
{Heap before GC invocations=6 (full 0):
 garbage-first heap   total 131072K, used 61020K [0x00000000a0000000, 0x0000000100000000)
  region size 1024K, 36 young (36864K), 8 survivors (8192K)
 Metaspace       used 35075K, capacity 35673K, committed 35840K, reserved 1081344K
  class space    used 4384K, capacity 4599K, committed 4608K, reserved 1048576K
}
Event: 3.992 GC heap after
{Heap after GC invocations=7 (full 0):
 garbage-first heap   total 131072K, used 32458K [0x00000000a0000000, 0x0000000100000000)
  region size 1024K, 2 young (2048K), 2 survivors (2048K)
 Metaspace       used 35075K, capacity 35673K, committed 35840K, reserved 1081344K
  class space    used 4384K, capacity 4599K, committed 4608K, reserved 1048576K
}
Event: 4.596 GC heap before
{Heap before GC invocations=8 (full 0):
 garbage-first heap   total 131072K, used 81610K [0x00000000a0000000, 0x0000000100000000)
  region size 1024K, 50 young (51200K), 2 survivors (2048K)
 Metaspace       used 38911K, capacity 39613K, committed 39808K, reserved 1083392K
  class space    used 5003K, capacity 5230K, committed 5248K, reserved 1048576K
}
Event: 4.601 GC heap after
{Heap after GC invocations=9 (full 0):
 garbage-first heap   total 157696K, used 34785K [0x00000000a0000000, 0x0000000100000000)
  region size 1024K, 4 young (4096K), 4 survivors (4096K)
 Metaspace       used 38911K, capacity 39613K, committed 39808K, reserved 1083392K
  class space    used 5003K, capacity 5230K, committed 5248K, reserved 1048576K
}

